{"level":"info","msg":"Starting AI Trading Bot","time":"2025-11-24T09:41:52Z"}
{"level":"info","msg":"Initializing application components","time":"2025-11-24T09:41:52Z"}
{"level":"info","msg":"Components initialized successfully","time":"2025-11-24T09:41:52Z"}
{"level":"info","msg":"Application initialized successfully","time":"2025-11-24T09:41:52Z"}
{"level":"fatal","msg":"Application failed: failed to start orchestrator: failed to initialize grid trading: no current price available for grid setup","time":"2025-11-24T09:41:52Z"}
{"level":"info","msg":"Starting AI Trading Bot","time":"2025-11-24T09:43:59Z"}
{"level":"info","msg":"Initializing application components","time":"2025-11-24T09:43:59Z"}
{"level":"info","msg":"Components initialized successfully","time":"2025-11-24T09:43:59Z"}
{"level":"info","msg":"Application initialized successfully","time":"2025-11-24T09:43:59Z"}
{"level":"info","msg":"Trading bot started successfully","time":"2025-11-24T09:43:59Z"}
{"level":"info","msg":"Starting AI Trading Bot","time":"2025-11-24T09:44:56Z"}
{"level":"info","msg":"Initializing application components","time":"2025-11-24T09:44:56Z"}
{"level":"info","msg":"Components initialized successfully","time":"2025-11-24T09:44:56Z"}
{"level":"info","msg":"Application initialized successfully","time":"2025-11-24T09:44:56Z"}
{"level":"info","msg":"Trading bot started successfully","time":"2025-11-24T09:44:56Z"}
{"level":"info","msg":"Signal received, initiating shutdown","time":"2025-11-24T09:45:01Z"}
{"level":"info","msg":"Context cancelled","time":"2025-11-24T09:45:01Z"}
{"level":"info","msg":"Starting graceful shutdown","time":"2025-11-24T09:45:01Z"}
{"level":"info","msg":"Stopping orchestrator","time":"2025-11-24T09:45:01Z"}
{"level":"warning","msg":"Shutdown timeout reached","time":"2025-11-24T09:45:31Z"}
{"level":"fatal","msg":"Application failed: shutdown timeout","time":"2025-11-24T09:45:31Z"}
{"level":"info","msg":"Starting AI Trading Bot","time":"2025-11-24T09:46:20Z"}
{"level":"info","msg":"Initializing application components","time":"2025-11-24T09:46:20Z"}
{"level":"info","msg":"Components initialized successfully","time":"2025-11-24T09:46:20Z"}
{"level":"info","msg":"Application initialized successfully","time":"2025-11-24T09:46:20Z"}
{"level":"info","msg":"Trading bot started successfully","time":"2025-11-24T09:46:20Z"}
{"level":"info","msg":"Signal received, initiating shutdown","time":"2025-11-24T09:46:41Z"}
{"level":"info","msg":"Context cancelled","time":"2025-11-24T09:46:41Z"}
{"level":"info","msg":"Starting graceful shutdown","time":"2025-11-24T09:46:41Z"}
{"level":"info","msg":"Stopping orchestrator","time":"2025-11-24T09:46:41Z"}
{"level":"warning","msg":"Shutdown timeout reached","time":"2025-11-24T09:47:11Z"}
{"level":"fatal","msg":"Application failed: shutdown timeout","time":"2025-11-24T09:47:11Z"}
{"level":"info","msg":"Starting AI Trading Bot","time":"2025-11-24T09:48:36Z"}
{"level":"info","msg":"Initializing application components","time":"2025-11-24T09:48:36Z"}
{"level":"info","msg":"Components initialized successfully","time":"2025-11-24T09:48:36Z"}
{"level":"info","msg":"Application initialized successfully","time":"2025-11-24T09:48:36Z"}
{"level":"info","msg":"Trading bot started successfully","time":"2025-11-24T09:48:36Z"}
{"level":"info","msg":"Signal received, initiating shutdown","time":"2025-11-24T09:48:46Z"}
{"level":"info","msg":"Context cancelled","time":"2025-11-24T09:48:46Z"}
{"level":"info","msg":"Starting graceful shutdown","time":"2025-11-24T09:48:46Z"}
{"level":"info","msg":"Stopping orchestrator","time":"2025-11-24T09:48:46Z"}
{"level":"warning","msg":"Shutdown timeout reached","time":"2025-11-24T09:49:16Z"}
{"level":"fatal","msg":"Application failed: shutdown timeout","time":"2025-11-24T09:49:16Z"}
{"level":"info","msg":"Starting AI Trading Bot","time":"2025-11-24T09:51:05Z"}
{"level":"info","msg":"Initializing application components","time":"2025-11-24T09:51:05Z"}
{"level":"info","msg":"Components initialized successfully","time":"2025-11-24T09:51:05Z"}
{"level":"info","msg":"Application initialized successfully","time":"2025-11-24T09:51:05Z"}
{"level":"info","msg":"Trading bot started successfully","time":"2025-11-24T09:51:05Z"}
{"level":"info","msg":"Signal received, initiating shutdown","time":"2025-11-24T09:51:15Z"}
{"level":"info","msg":"Context cancelled","time":"2025-11-24T09:51:15Z"}
{"level":"info","msg":"Starting graceful shutdown","time":"2025-11-24T09:51:15Z"}
{"level":"info","msg":"Stopping orchestrator","time":"2025-11-24T09:51:15Z"}
{"level":"info","msg":"Stopping stream provider","time":"2025-11-24T09:51:25Z"}
{"level":"info","msg":"Disconnecting trading executor","time":"2025-11-24T09:51:25Z"}
{"level":"info","msg":"Shutdown completed successfully","time":"2025-11-24T09:51:25Z"}
{"level":"info","msg":"Application shutdown completed","time":"2025-11-24T09:51:25Z"}
{"level":"info","msg":"Starting AI Trading Bot","time":"2025-11-24T09:52:20Z"}
{"level":"info","msg":"Initializing application components","time":"2025-11-24T09:52:20Z"}
{"level":"info","msg":"Components initialized successfully","time":"2025-11-24T09:52:20Z"}
{"level":"info","msg":"Application initialized successfully","time":"2025-11-24T09:52:20Z"}
{"level":"info","msg":"Trading bot started successfully","time":"2025-11-24T09:52:20Z"}
{"level":"info","msg":"Signal received, initiating shutdown","time":"2025-11-24T09:52:28Z"}
{"level":"info","msg":"Context cancelled","time":"2025-11-24T09:52:28Z"}
{"level":"info","msg":"Starting graceful shutdown","time":"2025-11-24T09:52:28Z"}
{"level":"info","msg":"Stopping orchestrator","time":"2025-11-24T09:52:28Z"}
{"level":"info","msg":"Stopping stream provider","time":"2025-11-24T09:52:31Z"}
{"level":"info","msg":"Disconnecting trading executor","time":"2025-11-24T09:52:31Z"}
{"level":"info","msg":"Shutdown completed successfully","time":"2025-11-24T09:52:31Z"}
{"level":"info","msg":"Application shutdown completed","time":"2025-11-24T09:52:31Z"}
{"level":"info","msg":"Starting AI Trading Bot","time":"2025-11-24T09:58:02Z"}
{"level":"info","msg":"Initializing application components","time":"2025-11-24T09:58:02Z"}
{"level":"info","msg":"Components initialized successfully","time":"2025-11-24T09:58:02Z"}
{"level":"info","msg":"Application initialized successfully","time":"2025-11-24T09:58:02Z"}
{"level":"info","msg":"Trading bot started successfully","time":"2025-11-24T09:58:02Z"}
{"level":"info","msg":"Signal received, initiating shutdown","time":"2025-11-24T09:58:04Z"}
{"level":"info","msg":"Context cancelled","time":"2025-11-24T09:58:04Z"}
{"level":"info","msg":"Starting graceful shutdown","time":"2025-11-24T09:58:04Z"}
{"level":"info","msg":"Stopping orchestrator","time":"2025-11-24T09:58:04Z"}
{"level":"info","msg":"Stopping stream provider","time":"2025-11-24T09:58:07Z"}
{"level":"info","msg":"Disconnecting trading executor","time":"2025-11-24T09:58:07Z"}
{"level":"info","msg":"Shutdown completed successfully","time":"2025-11-24T09:58:07Z"}
{"level":"info","msg":"Application shutdown completed","time":"2025-11-24T09:58:07Z"}
{"level":"info","msg":"Starting AI Trading Bot","time":"2025-11-24T10:02:35Z"}
{"level":"info","msg":"Initializing application components","time":"2025-11-24T10:02:35Z"}
{"level":"info","msg":"Components initialized successfully","time":"2025-11-24T10:02:35Z"}
{"level":"info","msg":"Application initialized successfully","time":"2025-11-24T10:02:35Z"}
{"level":"info","msg":"Trading bot started successfully","time":"2025-11-24T10:02:35Z"}
{"level":"info","msg":"Signal received, initiating shutdown","time":"2025-11-24T10:02:45Z"}
{"level":"info","msg":"Context cancelled","time":"2025-11-24T10:02:45Z"}
{"level":"info","msg":"Starting graceful shutdown","time":"2025-11-24T10:02:45Z"}
{"level":"info","msg":"Stopping orchestrator","time":"2025-11-24T10:02:45Z"}
{"level":"info","msg":"Stopping stream provider","time":"2025-11-24T10:02:48Z"}
{"level":"info","msg":"Disconnecting trading executor","time":"2025-11-24T10:02:48Z"}
{"level":"info","msg":"Shutdown completed successfully","time":"2025-11-24T10:02:48Z"}
{"level":"info","msg":"Application shutdown completed","time":"2025-11-24T10:02:48Z"}
{"level":"info","msg":"Starting AI Trading Bot","time":"2025-11-24T10:48:52Z"}
{"level":"info","msg":"Initializing application components","time":"2025-11-24T10:48:52Z"}
{"level":"info","msg":"Components initialized successfully","time":"2025-11-24T10:48:52Z"}
{"level":"info","msg":"Application initialized successfully","time":"2025-11-24T10:48:52Z"}
{"level":"info","msg":"Starting in backtest mode","time":"2025-11-24T10:48:52Z"}
{"level":"info","msg":"Starting backtest execution","time":"2025-11-24T10:48:52Z"}
{"level":"info","msg":"⚠️ Backtest mode is enabled but not fully implemented yet","time":"2025-11-24T10:48:52Z"}
{"level":"info","msg":"The bot will run in simulation mode instead","time":"2025-11-24T10:48:52Z"}
{"level":"info","msg":"Trading bot started successfully","time":"2025-11-24T10:48:52Z"}
{"level":"info","msg":"Signal received, initiating shutdown","time":"2025-11-24T10:48:57Z"}
{"level":"info","msg":"Context cancelled","time":"2025-11-24T10:48:57Z"}
{"level":"info","msg":"Starting graceful shutdown","time":"2025-11-24T10:48:57Z"}
{"level":"info","msg":"Stopping orchestrator","time":"2025-11-24T10:48:57Z"}
{"level":"info","msg":"Stopping stream provider","time":"2025-11-24T10:49:00Z"}
{"level":"info","msg":"Disconnecting trading executor","time":"2025-11-24T10:49:00Z"}
{"level":"info","msg":"Shutdown completed successfully","time":"2025-11-24T10:49:00Z"}
{"level":"info","msg":"Application shutdown completed","time":"2025-11-24T10:49:00Z"}
